0 info it worked if it ends with ok
1 verbose cli [ 'node',
1 verbose cli   '/usr/local/bin/npm',
1 verbose cli   'uninstall',
1 verbose cli   'grunt-bower',
1 verbose cli   '--save-dev' ]
2 info using npm@1.3.14
3 info using node@v0.10.22
4 info /Users/justin/Dropbox/RADIATOR/CALLINA/callinastyle.com/node_modules/grunt-bower unbuild
5 info preuninstall grunt-bower@0.13.4
6 info uninstall grunt-bower@0.13.4
7 verbose true,/Users/justin/Dropbox/RADIATOR/CALLINA/callinastyle.com/node_modules,/Users/justin/Dropbox/RADIATOR/CALLINA/callinastyle.com/node_modules unbuild grunt-bower@0.13.4
8 info postuninstall grunt-bower@0.13.4
9 error Error: ENOTEMPTY, rmdir '/Users/justin/Dropbox/RADIATOR/CALLINA/callinastyle.com/node_modules/grunt-bower/node_modules'
10 error If you need help, you may report this log at:
10 error     <http://github.com/isaacs/npm/issues>
10 error or email it to:
10 error     <npm-@googlegroups.com>
11 error System Darwin 13.2.0
12 error command "node" "/usr/local/bin/npm" "uninstall" "grunt-bower" "--save-dev"
13 error cwd /Users/justin/Dropbox/RADIATOR/CALLINA/callinastyle.com
14 error node -v v0.10.22
15 error npm -v 1.3.14
16 error path /Users/justin/Dropbox/RADIATOR/CALLINA/callinastyle.com/node_modules/grunt-bower/node_modules
17 error code ENOTEMPTY
18 error errno 53
19 verbose exit [ 53, true ]
